<?xml version="1.0" encoding="UTF-8"?>
<!-- Generated by org.testng.reporters.JUnitXMLReporter -->
<testsuite hostname="Mohammeds-MBP.fios-router.home" ignored="2" name="Cigna Home" tests="23" failures="1" timestamp="01 Apr 2019 22:08:31 GMT" time="174.157" errors="0">
  <testcase name="aboutUsLinkClickTest" time="5.749" classname="cignahomepage.CignaHomePageTest"/>
  <testcase name="cignaInternationalLinkClickTest" time="4.459" classname="cignahomepage.CignaHomePageTest"/>
  <testcase name="contactUsLinkClickTest" time="6.769" classname="cignahomepage.CignaHomePageTest"/>
  <testcase name="dentalInsuranceTabClickTest" time="5.097" classname="cignahomepage.CignaHomePageTest"/>
  <testcase name="disasterResourceCenterLinkTest" time="4.266" classname="cignahomepage.CignaHomePageTest"/>
  <testcase name="employeePlansAndPoliciesTabClick" time="4.036" classname="cignahomepage.CignaHomePageTest"/>
  <testcase name="employerGroupSolutionsTabTest" time="3.901" classname="cignahomepage.CignaHomePageTest"/>
  <testcase name="employersAndProvidersLinkClickTest" time="4.186" classname="cignahomepage.CignaHomePageTest"/>
  <testcase name="findADoctorDentistOrFacilityLinkClickTest" time="4.222" classname="cignahomepage.CignaHomePageTest"/>
  <testcase name="healthCareProvidersLinkClickTest" time="3.941" classname="cignahomepage.CignaHomePageTest"/>
  <testcase name="healthInsuranceTabClickTest" time="3.923" classname="cignahomepage.CignaHomePageTest"/>
  <testcase name="homePageNavigationTest" time="4.647" classname="cignahomepage.CignaHomePageTest"/>
  <testcase name="individualsAndFamiliesTabLinkClickTest" time="4.793" classname="cignahomepage.CignaHomePageTest"/>
  <testcase name="internationalCoverageTabClickTest" time="4.587" classname="cignahomepage.CignaHomePageTest"/>
  <testcase name="learnMoreAboutTheConnectionTabClick" time="4.677" classname="cignahomepage.CignaHomePageTest"/>
  <testcase name="logInToMyCignaTabClick" time="4.176" classname="cignahomepage.CignaHomePageTest"/>
  <testcase name="medicareProductsTabClickTest" time="3.124" classname="cignahomepage.CignaHomePageTest"/>
  <testcase name="medicareSupplementInsuranceTeaserContentClickTest" time="4.183" classname="cignahomepage.CignaHomePageTest"/>
  <testcase name="otherSupplementalInsuranceTabClickTest" time="4.764" classname="cignahomepage.CignaHomePageTest"/>
  <testcase name="shopDentalPlansTabClickTest" time="4.002" classname="cignahomepage.CignaHomePageTest"/>
  <testcase name="shopMedicareSupplimentPlansTabClick" time="3.107" classname="cignahomepage.CignaHomePageTest"/>
  <testcase name="loginToMyCignaTabClickTest" time="4.177" classname="loginpage.LoginPageTest"/>
  <testcase name="setUserNameTest" time="10.062" classname="loginpage.LoginPageTest">
    <failure type="org.openqa.selenium.NoSuchElementException" message="no such element: Unable to locate element: {&amp;quot;method&amp;quot;:&amp;quot;css selector&amp;quot;,&amp;quot;selector&amp;quot;:&amp;quot;#username&amp;quot;}
  (Session info: chrome=73.0.3683.86)
  (Driver info: chromedriver=2.46.628411 (3324f4c8be9ff2f70a05a30ebc72ffb013e1a71e),platform=Mac OS X 10.14.4 x86_64) (WARNING: The server did not provide any stacktrace information)
Command duration or timeout: 0 milliseconds
For documentation on this error, please visit: https://www.seleniumhq.org/exceptions/no_such_element.html
Build info: version: &amp;apos;3.141.59&amp;apos;, revision: &amp;apos;e82be7d358&amp;apos;, time: &amp;apos;2018-11-14T08:17:03&amp;apos;
System info: host: &amp;apos;Mohammeds-MBP.fios-router.home&amp;apos;, ip: &amp;apos;fe80:0:0:0:1856:787:879e:c6be%en0&amp;apos;, os.name: &amp;apos;Mac OS X&amp;apos;, os.arch: &amp;apos;x86_64&amp;apos;, os.version: &amp;apos;10.14.4&amp;apos;, java.version: &amp;apos;1.8.0_201&amp;apos;
Driver info: org.openqa.selenium.chrome.ChromeDriver
Capabilities {acceptInsecureCerts: false, acceptSslCerts: false, applicationCacheEnabled: false, browserConnectionEnabled: false, browserName: chrome, chrome: {chromedriverVersion: 2.46.628411 (3324f4c8be9ff2..., userDataDir: /var/folders/fn/3p_klx610sl...}, cssSelectorsEnabled: true, databaseEnabled: false, goog:chromeOptions: {debuggerAddress: localhost:56208}, handlesAlerts: true, hasTouchScreen: false, javascriptEnabled: true, locationContextEnabled: true, mobileEmulationEnabled: false, nativeEvents: true, networkConnectionEnabled: false, pageLoadStrategy: normal, platform: MAC, platformName: MAC, proxy: Proxy(), rotatable: false, setWindowRect: true, strictFileInteractability: false, takesHeapSnapshot: true, takesScreenshot: true, timeouts: {implicit: 0, pageLoad: 300000, script: 30000}, unexpectedAlertBehaviour: ignore, unhandledPromptBehavior: ignore, version: 73.0.3683.86, webStorageEnabled: true}
Session ID: cd6268083fed364c1f237926b8251e7c
*** Element info: {Using=css selector, value=#username}">
      <![CDATA[org.openqa.selenium.NoSuchElementException: no such element: Unable to locate element: {"method":"css selector","selector":"#username"}
  (Session info: chrome=73.0.3683.86)
  (Driver info: chromedriver=2.46.628411 (3324f4c8be9ff2f70a05a30ebc72ffb013e1a71e),platform=Mac OS X 10.14.4 x86_64) (WARNING: The server did not provide any stacktrace information)
Command duration or timeout: 0 milliseconds
For documentation on this error, please visit: https://www.seleniumhq.org/exceptions/no_such_element.html
Build info: version: '3.141.59', revision: 'e82be7d358', time: '2018-11-14T08:17:03'
System info: host: 'Mohammeds-MBP.fios-router.home', ip: 'fe80:0:0:0:1856:787:879e:c6be%en0', os.name: 'Mac OS X', os.arch: 'x86_64', os.version: '10.14.4', java.version: '1.8.0_201'
Driver info: org.openqa.selenium.chrome.ChromeDriver
Capabilities {acceptInsecureCerts: false, acceptSslCerts: false, applicationCacheEnabled: false, browserConnectionEnabled: false, browserName: chrome, chrome: {chromedriverVersion: 2.46.628411 (3324f4c8be9ff2..., userDataDir: /var/folders/fn/3p_klx610sl...}, cssSelectorsEnabled: true, databaseEnabled: false, goog:chromeOptions: {debuggerAddress: localhost:56208}, handlesAlerts: true, hasTouchScreen: false, javascriptEnabled: true, locationContextEnabled: true, mobileEmulationEnabled: false, nativeEvents: true, networkConnectionEnabled: false, pageLoadStrategy: normal, platform: MAC, platformName: MAC, proxy: Proxy(), rotatable: false, setWindowRect: true, strictFileInteractability: false, takesHeapSnapshot: true, takesScreenshot: true, timeouts: {implicit: 0, pageLoad: 300000, script: 30000}, unexpectedAlertBehaviour: ignore, unhandledPromptBehavior: ignore, version: 73.0.3683.86, webStorageEnabled: true}
Session ID: cd6268083fed364c1f237926b8251e7c
*** Element info: {Using=css selector, value=#username}
at org.openqa.selenium.remote.ErrorHandler.createThrowable(ErrorHandler.java:214)
at org.openqa.selenium.remote.ErrorHandler.throwIfResponseFailed(ErrorHandler.java:166)
at org.openqa.selenium.remote.http.JsonHttpResponseCodec.reconstructValue(JsonHttpResponseCodec.java:40)
at org.openqa.selenium.remote.http.AbstractHttpResponseCodec.decode(AbstractHttpResponseCodec.java:80)
at org.openqa.selenium.remote.http.AbstractHttpResponseCodec.decode(AbstractHttpResponseCodec.java:44)
at org.openqa.selenium.remote.HttpCommandExecutor.execute(HttpCommandExecutor.java:158)
at org.openqa.selenium.remote.service.DriverCommandExecutor.execute(DriverCommandExecutor.java:83)
at org.openqa.selenium.remote.RemoteWebDriver.execute(RemoteWebDriver.java:552)
at org.openqa.selenium.remote.RemoteWebDriver.findElement(RemoteWebDriver.java:323)
at org.openqa.selenium.remote.RemoteWebDriver.findElementByCssSelector(RemoteWebDriver.java:420)
at org.openqa.selenium.By$ByCssSelector.findElement(By.java:431)
at org.openqa.selenium.remote.RemoteWebDriver.findElement(RemoteWebDriver.java:315)
at org.openqa.selenium.support.pagefactory.DefaultElementLocator.findElement(DefaultElementLocator.java:69)
at org.openqa.selenium.support.pagefactory.internal.LocatingElementHandler.invoke(LocatingElementHandler.java:38)
at com.sun.proxy.$Proxy11.sendKeys(Unknown Source)
at loginpage.LoginPage.setUserName(LoginPage.java:21)
at loginpage.LoginPageTest.setUserNameTest(LoginPageTest.java:21)
... Removed 33 stack frames]]>
    </failure>
  </testcase> <!-- setUserNameTest -->
  <testcase name="@AfterSuite generateReport" time="0.0" classname="base.CommonAPI">
    <ignored/>
  </testcase> <!-- @AfterSuite generateReport -->
  <testcase name="@BeforeSuite extentSetup" time="0.0" classname="base.CommonAPI">
    <ignored/>
  </testcase> <!-- @BeforeSuite extentSetup -->
</testsuite> <!-- Cigna Home -->
